zsh:1: command not found: atsdigest
zsh:1: command not found: atsdigest
zsh:1: command not found: atsdigest
[2026-02-20 22:59:00] atsdigest start
Wrote markdown → /Users/irfan/jobs/logs/ats_digest_2026-02-20.md
/Users/irfan/jobs/logs/ats_digest_2026-02-20.md:44:51: script error: Expected end of line, etc. but found identifier. (-2741)
zsh:1: command not found: atsdigest
[2026-02-20 23:05:39] start atsdigest
Wrote markdown → /Users/irfan/jobs/logs/ats_digest_2026-02-20.md
true
Sent email to engineerirfan21@gmail.com
[2026-02-20 23:05:40] done
zsh:1: command not found: atsdigest
zsh:1: command not found: atsdigest
zsh:1: command not found: atsdigest
zsh:1: command not found: atsdigest
zsh:1: command not found: atsdigest
zsh:1: command not found: atsdigest
zsh:1: command not found: atsdigest
zsh:1: command not found: atsdigest
zsh:1: command not found: atsdigest
zsh:1: command not found: atsdigest
zsh:1: command not found: atsdigest
zsh:1: command not found: atsdigest
zsh:1: command not found: atsdigest
zsh:1: command not found: atsdigest
zsh:1: command not found: atsdigest
zsh:1: command not found: atsdigest
zsh:1: command not found: atsdigest
zsh:1: command not found: atsdigest
zsh:1: command not found: atsdigest
zsh:1: command not found: atsdigest
zsh:1: command not found: atsdigest
zsh:1: command not found: atsdigest
