[2026-02-21 14:34:47] Watch start
⏭️  Skip 7d window: hr@acmerail.com (1 d)
⏭️  Suppressed: careers@northline.com
⏭️  Suppressed: talent@brightworks.com
⏭️  Skip 7d window: hr@sselectric.com (1 d)
⏭️  Skip 7d window: hr@powergrid.com (1 d)
⏭️  Skip 7d window: hr@metropower.com (1 d)
⏭️  Skip 7d window: talent@glprojects.com (1 d)
⏭️  Skip 7d window: hr@abcutilities.com (1 d)
⏭️  Skip 7d window: hr@midwestcontrols.com (1 d)
⏭️  Skip 7d window: careers@exeloncorp.com (1 d)
⏭️  Skip 7d window: careers@sargentlundy.com (1 d)
⏭️  Skip 7d window: careers@wsp.com (1 d)
⏭️  Skip 7d window: careers@hdrinc.com (1 d)
⏭️  Skip 7d window: careers@jacobs.com (1 d)
⏭️  Skip 7d window: careers@parsons.com (1 d)
⏭️  Skip 7d window: careers@burnsmcd.com (1 d)
⏭️  Skip 7d window: careers@kiewit.com (1 d)
⏭️  Skip 7d window: careers@skanska.com (1 d)
⏭️  Skip 7d window: careers@walshgroup.com (1 d)
⏭️  Skip 7d window: careers@aldridgegroup.com (1 d)
⏭️  Skip 7d window: careers@mjelectric.com (1 d)
⏭️  Skip 7d window: careers@fhpaschen.com (1 d)
⏭️  Skip 7d window: careers@metrarr.com (1 d)
⏭️  Skip 7d window: careers@transitchicago.com (1 d)
⏭️  Skip 7d window: careers@pacebus.com (1 d)
⏭️  Skip 7d window: careers@motorolasolutions.com (1 d)
⏭️  Skip 7d window: careers@ul.com (1 d)
⏭️  Skip 7d window: careers@grainger.com (1 d)
⏭️  Skip 7d window: careers@panduit.com (1 d)
⏭️  Skip 7d window: careers@navistar.com (1 d)
⏭️  Skip 7d window: careers@cat.com (1 d)
⏭️  Skip 7d window: careers@abbvie.com (1 d)
⏭️  Skip 7d window: careers@baxter.com (1 d)
⏭️  Skip 7d window: careers@gehealthcare.com (1 d)
⏭️  Skip 7d window: careers@nm.org (1 d)
⏭️  Skip 7d window: careers@aah.org (1 d)
⏭️  Skip 7d window: careers@transdev.com (1 d)
⏭️  Skip 7d window: careers@aon.com (1 d)
⏭️  Skip by location rule: CDW <careers@cdw.com> — IT Engineer (Lincolnshire)
⏭️  Skip 7d window: careers@ttx.com (1 d)
⏭️  Skip 7d window: careers@sterlingsolutions.com (1 d)
⏭️  Skip 7d window: careers@primoriscorp.com (1 d)
⏭️  Skip 7d window: careers@mbakerintl.com (1 d)
⏭️  Skip 7d window: careers@stvinc.com (1 d)
⏭️  Skip 7d window: careers@transystems.com (1 d)
⏭️  Skip 7d window: careers@hntb.com (1 d)
⏭️  Skip 7d window: careers@arcadis.com (1 d)
⏭️  Skip 7d window: careers@gfnet.com (1 d)
⏭️  Skip 7d window: careers@rsandh.com (1 d)
⏭️  Skip 7d window: hr@midwestcontrols.com (1 d)
⏭️  Skip 7d window: careers@example.com (1 d)
⏭️  Skip 7d window: careers@remotetech.co.uk (1 d)
⏭️  Skip 7d window: hr@maplesystems.ca (1 d)
⏭️  Skip 7d window: hr@swisssystems.ch (1 d)
⏭️  Skip 7d window: hr@eurorail.de (1 d)
⏭️  Skip 7d window: hr@bluemaple.ca (1 d)
✅ apply_now: Sent 0 (limit 200). Log: /Users/irfan/jobs/logs/mail_debug.log
[2026-02-21 14:34:47] Watch done
[2026-02-21 14:35:36] Watch start
⏭️  Skip 7d window: hr@acmerail.com (1 d)
⏭️  Suppressed: careers@northline.com
⏭️  Suppressed: talent@brightworks.com
⏭️  Skip 7d window: hr@sselectric.com (1 d)
⏭️  Skip 7d window: hr@powergrid.com (1 d)
⏭️  Skip 7d window: hr@metropower.com (1 d)
⏭️  Skip 7d window: talent@glprojects.com (1 d)
⏭️  Skip 7d window: hr@abcutilities.com (1 d)
⏭️  Skip 7d window: hr@midwestcontrols.com (1 d)
⏭️  Skip 7d window: careers@exeloncorp.com (1 d)
⏭️  Skip 7d window: careers@sargentlundy.com (1 d)
⏭️  Skip 7d window: careers@wsp.com (1 d)
⏭️  Skip 7d window: careers@hdrinc.com (1 d)
⏭️  Skip 7d window: careers@jacobs.com (1 d)
⏭️  Skip 7d window: careers@parsons.com (1 d)
⏭️  Skip 7d window: careers@burnsmcd.com (1 d)
⏭️  Skip 7d window: careers@kiewit.com (1 d)
⏭️  Skip 7d window: careers@skanska.com (1 d)
⏭️  Skip 7d window: careers@walshgroup.com (1 d)
⏭️  Skip 7d window: careers@aldridgegroup.com (1 d)
⏭️  Skip 7d window: careers@mjelectric.com (1 d)
⏭️  Skip 7d window: careers@fhpaschen.com (1 d)
⏭️  Skip 7d window: careers@metrarr.com (1 d)
⏭️  Skip 7d window: careers@transitchicago.com (1 d)
⏭️  Skip 7d window: careers@pacebus.com (1 d)
⏭️  Skip 7d window: careers@motorolasolutions.com (1 d)
⏭️  Skip 7d window: careers@ul.com (1 d)
⏭️  Skip 7d window: careers@grainger.com (1 d)
⏭️  Skip 7d window: careers@panduit.com (1 d)
⏭️  Skip 7d window: careers@navistar.com (1 d)
⏭️  Skip 7d window: careers@cat.com (1 d)
⏭️  Skip 7d window: careers@abbvie.com (1 d)
⏭️  Skip 7d window: careers@baxter.com (1 d)
⏭️  Skip 7d window: careers@gehealthcare.com (1 d)
⏭️  Skip 7d window: careers@nm.org (1 d)
⏭️  Skip 7d window: careers@aah.org (1 d)
⏭️  Skip 7d window: careers@transdev.com (1 d)
⏭️  Skip 7d window: careers@aon.com (1 d)
⏭️  Skip by location rule: CDW <careers@cdw.com> — IT Engineer (Lincolnshire)
⏭️  Skip 7d window: careers@ttx.com (1 d)
⏭️  Skip 7d window: careers@sterlingsolutions.com (1 d)
⏭️  Skip 7d window: careers@primoriscorp.com (1 d)
⏭️  Skip 7d window: careers@mbakerintl.com (1 d)
⏭️  Skip 7d window: careers@stvinc.com (1 d)
⏭️  Skip 7d window: careers@transystems.com (1 d)
⏭️  Skip 7d window: careers@hntb.com (1 d)
⏭️  Skip 7d window: careers@arcadis.com (1 d)
⏭️  Skip 7d window: careers@gfnet.com (1 d)
⏭️  Skip 7d window: careers@rsandh.com (1 d)
⏭️  Skip 7d window: hr@midwestcontrols.com (1 d)
⏭️  Skip 7d window: careers@example.com (1 d)
⏭️  Skip 7d window: careers@remotetech.co.uk (1 d)
⏭️  Skip 7d window: hr@maplesystems.ca (1 d)
⏭️  Skip 7d window: hr@swisssystems.ch (1 d)
⏭️  Skip 7d window: hr@eurorail.de (1 d)
⏭️  Skip 7d window: hr@bluemaple.ca (1 d)
⏭️  Bad syntax: "hr@bluemaple.ca"
✅ apply_now: Sent 0 (limit 200). Log: /Users/irfan/jobs/logs/mail_debug.log
[2026-02-21 14:35:36] Watch done
[2026-02-21 14:39:41] Watch start
⏭️  Skip by location rule: "Acme Rail Systems" <"hr@acmerail.com"> — "Electrical Engineer" ("Chicago")
⏭️  Skip by location rule: "South Shore Electric" <"hr@sselectric.com"> — "Electrical Engineer" ("Chicago")
⏭️  Skip by location rule: "PowerGrid Corp" <"hr@powergrid.com"> — "Electrical Engineer" ("Chicago")
⏭️  Skip by location rule: "Metro Power" <"hr@metropower.com"> — "Electrical Engineer" ("Chicago")
⏭️  Skip by location rule: "Great Lakes Projects" <"talent@glprojects.com"> — "Project Engineer" ("Lombard")
⏭️  Skip by location rule: "ABC Utilities" <"hr@abcutilities.com"> — "Electrical Engineer" ("Chicago")
⏭️  Skip by location rule: "ComEd (Exelon)" <"careers@exeloncorp.com"> — "Electrical Engineer" ("Chicago")
⏭️  Skip by location rule: "Sargent & Lundy" <"careers@sargentlundy.com"> — "Electrical Engineer" ("Chicago")
⏭️  Skip by location rule: "WSP USA" <"careers@wsp.com"> — "Project Engineer" ("Chicago")
⏭️  Skip by location rule: "HDR" <"careers@hdrinc.com"> — "Project Engineer" ("Chicago")
⏭️  Skip by location rule: "Jacobs" <"careers@jacobs.com"> — "Site Engineer" ("Chicago")
⏭️  Skip by location rule: "Burns & McDonnell" <"careers@burnsmcd.com"> — "Electrical Engineer" ("Chicago")
⏭️  Skip by location rule: "Walsh Group" <"careers@walshgroup.com"> — "Project Engineer" ("Chicago")
⏭️  Skip by location rule: "Aldridge Electric" <"careers@aldridgegroup.com"> — "Electrical Engineer" ("Chicago")
⏭️  Skip by location rule: "F.H. Paschen" <"careers@fhpaschen.com"> — "Project Engineer" ("Chicago")
⏭️  Skip by location rule: "Metra (Rail)" <"careers@metrarr.com"> — "Site Engineer" ("Chicago")
⏭️  Skip by location rule: "Motorola Solutions" <"careers@motorolasolutions.com"> — "IT Engineer" ("Chicago")
⏭️  Skip by location rule: "Grainger" <"careers@grainger.com"> — "IT Engineer" ("Chicago")
⏭️  Bad syntax: "careers@navistar.com"
⏭️  Bad syntax: "careers@cat.com"
⏭️  Skip by location rule: "AbbVie" <"careers@abbvie.com"> — "IT Engineer" ("North Chicago")
⏭️  Bad syntax: "careers@gehealthcare.com"
⏭️  Skip by location rule: "Northwestern Medicine" <"careers@nm.org"> — "IT Engineer" ("Chicago")
⏭️  Skip by location rule: "Advocate Health" <"careers@aah.org"> — "IT Engineer" ("Downers Grove (Chicago area)")
⏭️  Skip by location rule: "Aon" <"careers@aon.com"> — "IT Engineer" ("Chicago")
⏭️  Skip by location rule: "CDW" <"careers@cdw.com"> — "IT Engineer" ("Lincolnshire (Chicago area)")
⏭️  Skip by location rule: "Sterling Solutions" <"careers@sterlingsolutions.com"> — "Site Engineer" ("Chicago")
⏭️  Skip by location rule: "Primoris" <"careers@primoriscorp.com"> — "Electrical Engineer" ("Chicago")
⏭️  Skip by location rule: "Michael Baker Intl" <"careers@mbakerintl.com"> — "Project Engineer" ("Chicago")
⏭️  Skip by location rule: "STV" <"careers@stvinc.com"> — "Project Engineer" ("Chicago")
⏭️  Skip by location rule: "HNTB" <"careers@hntb.com"> — "Project Engineer" ("Chicago")
⏭️  Skip by location rule: "Gannett Fleming" <"careers@gfnet.com"> — "Project Engineer" ("Chicago")
⏭️  Bad syntax: "careers@example.com"
⏭️  Bad syntax: "careers@remotetech.co.uk"
⏭️  Bad syntax: "hr@maplesystems.ca"
⏭️  Bad syntax: "hr@eurorail.de"
⏭️  Bad syntax: "hr@bluemaple.ca"
⏭️  Bad syntax: "hr@bluemaple.ca"
✅ apply_now: Sent 0 (limit 200). Log: /Users/irfan/jobs/logs/mail_debug.log
[2026-02-21 14:39:41] Watch done
[2026-02-21 14:43:12] Watch start
⏭️  Skip by location rule: "Acme Rail Systems" <"hr@acmerail.com"> — "Electrical Engineer" ("Chicago")
⏭️  Skip by location rule: "South Shore Electric" <"hr@sselectric.com"> — "Electrical Engineer" ("Chicago")
⏭️  Skip by location rule: "PowerGrid Corp" <"hr@powergrid.com"> — "Electrical Engineer" ("Chicago")
⏭️  Skip by location rule: "Metro Power" <"hr@metropower.com"> — "Electrical Engineer" ("Chicago")
⏭️  Skip by location rule: "Great Lakes Projects" <"talent@glprojects.com"> — "Project Engineer" ("Lombard")
⏭️  Skip by location rule: "ABC Utilities" <"hr@abcutilities.com"> — "Electrical Engineer" ("Chicago")
⏭️  Skip by location rule: "ComEd (Exelon)" <"careers@exeloncorp.com"> — "Electrical Engineer" ("Chicago")
⏭️  Skip by location rule: "Sargent & Lundy" <"careers@sargentlundy.com"> — "Electrical Engineer" ("Chicago")
⏭️  Skip by location rule: "WSP USA" <"careers@wsp.com"> — "Project Engineer" ("Chicago")
⏭️  Skip by location rule: "HDR" <"careers@hdrinc.com"> — "Project Engineer" ("Chicago")
⏭️  Skip by location rule: "Jacobs" <"careers@jacobs.com"> — "Site Engineer" ("Chicago")
⏭️  Skip by location rule: "Burns & McDonnell" <"careers@burnsmcd.com"> — "Electrical Engineer" ("Chicago")
⏭️  Skip by location rule: "Walsh Group" <"careers@walshgroup.com"> — "Project Engineer" ("Chicago")
⏭️  Skip by location rule: "Aldridge Electric" <"careers@aldridgegroup.com"> — "Electrical Engineer" ("Chicago")
⏭️  Skip by location rule: "F.H. Paschen" <"careers@fhpaschen.com"> — "Project Engineer" ("Chicago")
⏭️  Skip by location rule: "Metra (Rail)" <"careers@metrarr.com"> — "Site Engineer" ("Chicago")
⏭️  Skip by location rule: "Motorola Solutions" <"careers@motorolasolutions.com"> — "IT Engineer" ("Chicago")
⏭️  Skip by location rule: "Grainger" <"careers@grainger.com"> — "IT Engineer" ("Chicago")
⏭️  Bad syntax: "careers@navistar.com"
⏭️  Bad syntax: "careers@cat.com"
⏭️  Skip by location rule: "AbbVie" <"careers@abbvie.com"> — "IT Engineer" ("North Chicago")
⏭️  Bad syntax: "careers@gehealthcare.com"
⏭️  Skip by location rule: "Northwestern Medicine" <"careers@nm.org"> — "IT Engineer" ("Chicago")
⏭️  Skip by location rule: "Advocate Health" <"careers@aah.org"> — "IT Engineer" ("Downers Grove (Chicago area)")
⏭️  Skip by location rule: "Aon" <"careers@aon.com"> — "IT Engineer" ("Chicago")
⏭️  Skip by location rule: "CDW" <"careers@cdw.com"> — "IT Engineer" ("Lincolnshire (Chicago area)")
⏭️  Skip by location rule: "Sterling Solutions" <"careers@sterlingsolutions.com"> — "Site Engineer" ("Chicago")
⏭️  Skip by location rule: "Primoris" <"careers@primoriscorp.com"> — "Electrical Engineer" ("Chicago")
⏭️  Skip by location rule: "Michael Baker Intl" <"careers@mbakerintl.com"> — "Project Engineer" ("Chicago")
⏭️  Skip by location rule: "STV" <"careers@stvinc.com"> — "Project Engineer" ("Chicago")
⏭️  Skip by location rule: "HNTB" <"careers@hntb.com"> — "Project Engineer" ("Chicago")
⏭️  Skip by location rule: "Gannett Fleming" <"careers@gfnet.com"> — "Project Engineer" ("Chicago")
⏭️  Bad syntax: "careers@example.com"
⏭️  Bad syntax: "careers@remotetech.co.uk"
⏭️  Bad syntax: "hr@maplesystems.ca"
⏭️  Bad syntax: "hr@eurorail.de"
⏭️  Bad syntax: "hr@bluemaple.ca"
⏭️  Bad syntax: "hr@bluemaple.ca"
⏭️  Skip by location rule: "CDW" <"careers@cdw.com"> — "IT Engineer" ("Lincolnshire (Chicago area)")
⏭️  Skip by location rule: "Jacobs" <"careers@jacobs.com"> — "Site Engineer" ("Chicago")
✅ apply_now: Sent 0 (limit 200). Log: /Users/irfan/jobs/logs/mail_debug.log
[2026-02-21 14:43:12] Watch done
[2026-02-21 14:45:31] Watch start
⏭️  Skip 7d window: hr@acmerail.com (1 d)
⏭️  Skip 7d window: hr@sselectric.com (1 d)
⏭️  Skip 7d window: hr@powergrid.com (1 d)
⏭️  Skip 7d window: hr@metropower.com (1 d)
⏭️  Skip 7d window: talent@glprojects.com (1 d)
⏭️  Skip 7d window: hr@abcutilities.com (1 d)
⏭️  Skip 7d window: careers@exeloncorp.com (1 d)
⏭️  Skip 7d window: careers@sargentlundy.com (1 d)
⏭️  Skip 7d window: careers@wsp.com (1 d)
⏭️  Skip 7d window: careers@hdrinc.com (1 d)
⏭️  Skip 7d window: careers@jacobs.com (1 d)
⏭️  Skip 7d window: careers@burnsmcd.com (1 d)
⏭️  Skip 7d window: careers@walshgroup.com (1 d)
⏭️  Skip 7d window: careers@aldridgegroup.com (1 d)
⏭️  Skip 7d window: careers@fhpaschen.com (1 d)
⏭️  Skip 7d window: careers@metrarr.com (1 d)
⏭️  Skip 7d window: careers@motorolasolutions.com (1 d)
⏭️  Skip 7d window: careers@grainger.com (1 d)
⏭️  Skip 7d window: careers@navistar.com (1 d)
⏭️  Skip 7d window: careers@cat.com (1 d)
⏭️  Skip 7d window: careers@abbvie.com (1 d)
⏭️  Skip 7d window: careers@gehealthcare.com (1 d)
⏭️  Skip 7d window: careers@nm.org (1 d)
⏭️  Skip 7d window: careers@aah.org (1 d)
⏭️  Skip 7d window: careers@aon.com (1 d)
⏭️  Skip by location rule: CDW <careers@cdw.com> — IT Engineer (Lincolnshire (Chicago area))
⏭️  Skip 7d window: careers@sterlingsolutions.com (1 d)
⏭️  Skip 7d window: careers@primoriscorp.com (1 d)
⏭️  Skip 7d window: careers@mbakerintl.com (1 d)
⏭️  Skip 7d window: careers@stvinc.com (1 d)
⏭️  Skip 7d window: careers@hntb.com (1 d)
⏭️  Skip 7d window: careers@gfnet.com (1 d)
⏭️  Skip 7d window: careers@example.com (1 d)
⏭️  Skip 7d window: careers@remotetech.co.uk (1 d)
⏭️  Skip 7d window: hr@maplesystems.ca (1 d)
⏭️  Skip 7d window: hr@eurorail.de (1 d)
⏭️  Skip 7d window: hr@bluemaple.ca (1 d)
⏭️  Skip 7d window: hr@bluemaple.ca (1 d)
⏭️  Skip by location rule: CDW <careers@cdw.com> — IT Engineer (Lincolnshire (Chicago area))
⏭️  Skip 7d window: careers@jacobs.com (1 d)
✅ apply_now: Sent 0 (limit 200). Log: /Users/irfan/jobs/logs/mail_debug.log
[2026-02-21 14:45:31] Watch done
[2026-02-21 14:48:41] Watch start
✅ pre_apply_clean: targets.csv normalized
⏭️  Skip 7d window: hr@acmerail.com (1 d)
⏭️  Skip 7d window: hr@sselectric.com (1 d)
⏭️  Skip 7d window: hr@powergrid.com (1 d)
⏭️  Skip 7d window: hr@metropower.com (1 d)
⏭️  Skip 7d window: talent@glprojects.com (1 d)
⏭️  Skip 7d window: hr@abcutilities.com (1 d)
⏭️  Skip 7d window: careers@exeloncorp.com (1 d)
⏭️  Skip 7d window: careers@sargentlundy.com (1 d)
⏭️  Skip 7d window: careers@wsp.com (1 d)
⏭️  Skip 7d window: careers@hdrinc.com (1 d)
⏭️  Skip 7d window: careers@jacobs.com (1 d)
⏭️  Skip 7d window: careers@burnsmcd.com (1 d)
⏭️  Skip 7d window: careers@walshgroup.com (1 d)
⏭️  Skip 7d window: careers@aldridgegroup.com (1 d)
⏭️  Skip 7d window: careers@fhpaschen.com (1 d)
⏭️  Skip 7d window: careers@metrarr.com (1 d)
⏭️  Skip 7d window: careers@motorolasolutions.com (1 d)
⏭️  Skip 7d window: careers@grainger.com (1 d)
⏭️  Skip 7d window: careers@navistar.com (1 d)
⏭️  Skip 7d window: careers@cat.com (1 d)
⏭️  Skip 7d window: careers@abbvie.com (1 d)
⏭️  Skip 7d window: careers@gehealthcare.com (1 d)
⏭️  Skip 7d window: careers@nm.org (1 d)
⏭️  Skip 7d window: careers@aah.org (1 d)
⏭️  Skip 7d window: careers@aon.com (1 d)
⏭️  Skip by location rule: CDW <careers@cdw.com> — IT Engineer (Lincolnshire (Chicago area))
⏭️  Skip 7d window: careers@sterlingsolutions.com (1 d)
⏭️  Skip 7d window: careers@primoriscorp.com (1 d)
⏭️  Skip 7d window: careers@mbakerintl.com (1 d)
⏭️  Skip 7d window: careers@stvinc.com (1 d)
⏭️  Skip 7d window: careers@hntb.com (1 d)
⏭️  Skip 7d window: careers@gfnet.com (1 d)
⏭️  Skip 7d window: careers@example.com (1 d)
⏭️  Skip 7d window: careers@remotetech.co.uk (1 d)
⏭️  Skip 7d window: hr@maplesystems.ca (1 d)
⏭️  Skip 7d window: hr@eurorail.de (1 d)
⏭️  Skip 7d window: hr@bluemaple.ca (1 d)
⏭️  Skip 7d window: hr@bluemaple.ca (1 d)
⏭️  Skip by location rule: CDW <careers@cdw.com> — IT Engineer (Lincolnshire (Chicago area))
⏭️  Skip 7d window: careers@jacobs.com (1 d)
✅ apply_now: Sent 0 (limit 200). Log: /Users/irfan/jobs/logs/mail_debug.log
[2026-02-21 14:48:41] Watch done
[2026-02-21 14:50:50] Watch start
✅ pre_apply_clean: targets.csv normalized
[2026-02-21 14:50:50] Watch done
[2026-02-21 15:00:51] Watch start
✅ pre_apply_clean: targets.csv normalized
[2026-02-21 15:00:51] Watch done
[2026-02-21 15:10:52] Watch start
✅ pre_apply_clean: targets.csv normalized
[2026-02-21 15:10:52] Watch done
[2026-02-21 15:20:54] Watch start
✅ pre_apply_clean: targets.csv normalized
[2026-02-21 15:20:54] Watch done
[2026-02-21 16:12:39] Watch start
✅ pre_apply_clean: targets.csv normalized
[2026-02-21 16:12:39] Watch done
[2026-02-21 16:22:40] Watch start
✅ pre_apply_clean: targets.csv normalized
[2026-02-21 16:22:40] Watch done
[2026-02-21 16:32:42] Watch start
✅ pre_apply_clean: targets.csv normalized
[2026-02-21 16:32:42] Watch done
[2026-02-21 16:42:43] Watch start
✅ pre_apply_clean: targets.csv normalized
[2026-02-21 16:42:43] Watch done
[2026-02-21 18:31:33] Watch start
✅ pre_apply_clean: targets.csv normalized
[2026-02-21 18:31:33] Watch done
[2026-02-21 19:41:47] Watch start
✅ pre_apply_clean: targets.csv normalized
[2026-02-21 19:41:47] Watch done
[2026-02-21 19:43:50] Watch start
✅ pre_apply_clean: targets.csv normalized
[2026-02-21 19:43:50] Watch done
[2026-02-21 19:53:52] Watch start
✅ pre_apply_clean: targets.csv normalized
[2026-02-21 19:53:52] Watch done
[2026-02-21 20:19:58] Watch start
✅ pre_apply_clean: targets.csv normalized
[2026-02-21 20:19:58] Watch done
[2026-02-21 23:40:44] Watch start
✅ pre_apply_clean: targets.csv normalized
[2026-02-21 23:40:44] Watch done
[2026-02-22 03:22:53] Watch start
✅ pre_apply_clean: targets.csv normalized
[2026-02-22 03:22:53] Watch done
[2026-02-22 08:18:50] Watch start
✅ pre_apply_clean: targets.csv normalized
[2026-02-22 08:18:50] Watch done
[2026-02-22 11:17:23] Watch start
✅ pre_apply_clean: targets.csv normalized
[2026-02-22 11:17:23] Watch done
[2026-02-22 11:32:14] Watch start
✅ pre_apply_clean: targets.csv normalized
[2026-02-22 11:32:14] Watch done
[2026-02-22 11:42:16] Watch start
✅ pre_apply_clean: targets.csv normalized
[2026-02-22 11:42:16] Watch done
[2026-02-22 11:52:17] Watch start
✅ pre_apply_clean: targets.csv normalized
[2026-02-22 11:52:17] Watch done
[2026-02-22 12:17:47] Watch start
✅ pre_apply_clean: targets.csv normalized
[2026-02-22 12:17:47] Watch done
✅ pre_apply_clean: targets.csv normalized
✅ pre_apply_clean: targets.csv normalized
✅ pre_apply_clean: targets.csv normalized
✅ pre_apply_clean: targets.csv normalized
✅ pre_apply_clean: targets.csv normalized
✅ pre_apply_clean: targets.csv normalized
✅ pre_apply_clean: targets.csv normalized
✅ pre_apply_clean: targets.csv normalized
✅ pre_apply_clean: targets.csv normalized
✅ pre_apply_clean: targets.csv normalized
✅ pre_apply_clean: targets.csv normalized
