zsh:1: command not found: apall_quiet
zsh:1: command not found: apall_quiet
zsh:1: command not found: apall_quiet
zsh:1: command not found: apall_quiet
zsh:1: command not found: apall_quiet
zsh:1: command not found: apall_quiet
zsh:1: command not found: apall_quiet
zsh:1: command not found: apall_quiet
❌ Mail error: Acme Rail Systems <hr@acmerail.com> — true
❌ Mail error: NorthLine Projects <careers@northline.com> — true
❌ Mail error: BrightWorks <talent@brightworks.com> — true
❌ Mail error: South Shore Electric <hr@sselectric.com> — true
❌ Mail error: PowerGrid Corp <hr@powergrid.com> — true
❌ Mail error: Lombard Tech <apply@lombardtech.com> — true
❌ Mail error: Metro Power <hr@metropower.com> — true
❌ Mail error: Great Lakes Projects <talent@glprojects.com> — true
zsh:1: command not found: apall_quiet
❌ Mail error: Acme Rail Systems <hr@acmerail.com> — true
❌ Mail error: NorthLine Projects <careers@northline.com> — true
❌ Mail error: BrightWorks <talent@brightworks.com> — true
❌ Mail error: South Shore Electric <hr@sselectric.com> — true
❌ Mail error: PowerGrid Corp <hr@powergrid.com> — true
❌ Mail error: Lombard Tech <apply@lombardtech.com> — true
❌ Mail error: Metro Power <hr@metropower.com> — true
❌ Mail error: Great Lakes Projects <talent@glprojects.com> — true
zsh:1: command not found: apall_quiet
zsh:1: command not found: apall_quiet
❌ Mail error: ABC Utilities <hr@abcutilities.com> — 
❌ Mail error: Midwest Controls <hr@midwestcontrols.com> — 
❌ Mail error: ABC Utilities <hr@abcutilities.com> — 
❌ Mail error: Acme Rail Systems <hr@acmerail.com> — 
zsh:1: command not found: apall_quiet
❌ Mail error: Acme Rail Systems <hr@acmerail.com> — 
❌ Mail error: NorthLine Projects <careers@northline.com> — 
❌ Mail error: BrightWorks <talent@brightworks.com> — 
❌ Mail error: South Shore Electric <hr@sselectric.com> — 
❌ Mail error: PowerGrid Corp <hr@powergrid.com> — 
❌ Mail error: Lombard Tech <apply@lombardtech.com> — 
❌ Mail error: Metro Power <hr@metropower.com> — 
❌ Mail error: Great Lakes Projects <talent@glprojects.com> — 
❌ Mail error: ABC Utilities <hr@abcutilities.com> — 
❌ Mail error: Midwest Controls <hr@midwestcontrols.com> — 
❌ Mail error: ComEd (Exelon) <careers@exeloncorp.com> — 
❌ Mail error: Sargent & Lundy <careers@sargentlundy.com> — 
❌ Mail error: WSP USA <careers@wsp.com> — 
❌ Mail error: HDR <careers@hdrinc.com> — 
❌ Mail error: Jacobs <careers@jacobs.com> — 
❌ Mail error: Parsons <careers@parsons.com> — 
❌ Mail error: Burns & McDonnell <careers@burnsmcd.com> — 
❌ Mail error: Kiewit <careers@kiewit.com> — 
❌ Mail error: Skanska <careers@skanska.com> — 
❌ Mail error: Walsh Group <careers@walshgroup.com> — 
❌ Mail error: Aldridge Electric <careers@aldridgegroup.com> — 
❌ Mail error: M.J. Electric <careers@mjelectric.com> — 
❌ Mail error: F.H. Paschen <careers@fhpaschen.com> — 
❌ Mail error: Metra (Rail) <careers@metrarr.com> — 
❌ Mail error: CTA (Transit Chicago) <careers@transitchicago.com> — 
❌ Mail error: Pace Suburban Bus <careers@pacebus.com> — 
❌ Mail error: Motorola Solutions <careers@motorolasolutions.com> — 
❌ Mail error: UL Solutions <careers@ul.com> — 
❌ Mail error: Grainger <careers@grainger.com> — 
❌ Mail error: Panduit <careers@panduit.com> — 
❌ Mail error: Navistar <careers@navistar.com> — 
❌ Mail error: Caterpillar <careers@cat.com> — 
❌ Mail error: AbbVie <careers@abbvie.com> — 
❌ Mail error: Baxter <careers@baxter.com> — 
❌ Mail error: GE HealthCare <careers@gehealthcare.com> — 
❌ Mail error: Northwestern Medicine <careers@nm.org> — 
❌ Mail error: Advocate Health <careers@aah.org> — 
❌ Mail error: Transdev <careers@transdev.com> — 
❌ Mail error: Aon <careers@aon.com> — 
❌ Mail error: CDW <careers@cdw.com> — 
❌ Mail error: TTX Company <careers@ttx.com> — 
❌ Mail error: Sterling Solutions <careers@sterlingsolutions.com> — 
❌ Mail error: Primoris <careers@primoriscorp.com> — 
❌ Mail error: Michael Baker Intl <careers@mbakerintl.com> — 
❌ Mail error: STV <careers@stvinc.com> — 
❌ Mail error: TranSystems <careers@transystems.com> — 
❌ Mail error: HNTB <careers@hntb.com> — 
❌ Mail error: Arcadis <careers@arcadis.com> — 
❌ Mail error: Gannett Fleming <careers@gfnet.com> — 
❌ Mail error: RS&H <careers@rsandh.com> — 
❌ Mail error: Acme Rail Systems <hr@acmerail.com> — 
❌ Mail error: NorthLine Projects <careers@northline.com> — 
❌ Mail error: BrightWorks <talent@brightworks.com> — 
❌ Mail error: South Shore Electric <hr@sselectric.com> — 
❌ Mail error: PowerGrid Corp <hr@powergrid.com> — 
❌ Mail error: Lombard Tech <apply@lombardtech.com> — 
❌ Mail error: Metro Power <hr@metropower.com> — 
❌ Mail error: Great Lakes Projects <talent@glprojects.com> — 
❌ Mail error: ABC Utilities <hr@abcutilities.com> — 
❌ Mail error: Midwest Controls <hr@midwestcontrols.com> — 
❌ Mail error: ComEd (Exelon) <careers@exeloncorp.com> — 
❌ Mail error: Sargent & Lundy <careers@sargentlundy.com> — 
❌ Mail error: WSP USA <careers@wsp.com> — 
❌ Mail error: HDR <careers@hdrinc.com> — 
❌ Mail error: Jacobs <careers@jacobs.com> — 
❌ Mail error: Parsons <careers@parsons.com> — 
❌ Mail error: Burns & McDonnell <careers@burnsmcd.com> — 
❌ Mail error: Kiewit <careers@kiewit.com> — 
❌ Mail error: Skanska <careers@skanska.com> — 
❌ Mail error: Walsh Group <careers@walshgroup.com> — 
❌ Mail error: Aldridge Electric <careers@aldridgegroup.com> — 
❌ Mail error: M.J. Electric <careers@mjelectric.com> — 
❌ Mail error: F.H. Paschen <careers@fhpaschen.com> — 
❌ Mail error: Metra (Rail) <careers@metrarr.com> — 
❌ Mail error: CTA (Transit Chicago) <careers@transitchicago.com> — 
❌ Mail error: Pace Suburban Bus <careers@pacebus.com> — 
❌ Mail error: Motorola Solutions <careers@motorolasolutions.com> — 
❌ Mail error: UL Solutions <careers@ul.com> — 
❌ Mail error: Grainger <careers@grainger.com> — 
❌ Mail error: Panduit <careers@panduit.com> — 
❌ Mail error: Navistar <careers@navistar.com> — 
❌ Mail error: Caterpillar <careers@cat.com> — 
❌ Mail error: AbbVie <careers@abbvie.com> — 
❌ Mail error: Baxter <careers@baxter.com> — 
❌ Mail error: GE HealthCare <careers@gehealthcare.com> — 
❌ Mail error: Northwestern Medicine <careers@nm.org> — 
❌ Mail error: Advocate Health <careers@aah.org> — 
❌ Mail error: Transdev <careers@transdev.com> — 
❌ Mail error: Aon <careers@aon.com> — 
❌ Mail error: CDW <careers@cdw.com> — 
❌ Mail error: TTX Company <careers@ttx.com> — 
❌ Mail error: Sterling Solutions <careers@sterlingsolutions.com> — 
❌ Mail error: Primoris <careers@primoriscorp.com> — 
❌ Mail error: Michael Baker Intl <careers@mbakerintl.com> — 
❌ Mail error: STV <careers@stvinc.com> — 
❌ Mail error: TranSystems <careers@transystems.com> — 
❌ Mail error: HNTB <careers@hntb.com> — 
❌ Mail error: Arcadis <careers@arcadis.com> — 
❌ Mail error: Gannett Fleming <careers@gfnet.com> — 
❌ Mail error: RS&H <careers@rsandh.com> — 
❌ Mail error: Acme Rail Systems <hr@acmerail.com> — 
❌ Mail error: NorthLine Projects <careers@northline.com> — 
❌ Mail error: BrightWorks <talent@brightworks.com> — 
❌ Mail error: South Shore Electric <hr@sselectric.com> — 
❌ Mail error: PowerGrid Corp <hr@powergrid.com> — 
❌ Mail error: Lombard Tech <apply@lombardtech.com> — 
❌ Mail error: Metro Power <hr@metropower.com> — 
❌ Mail error: Great Lakes Projects <talent@glprojects.com> — 
❌ Mail error: ABC Utilities <hr@abcutilities.com> — 
❌ Mail error: Midwest Controls <hr@midwestcontrols.com> — 
❌ Mail error: ComEd (Exelon) <careers@exeloncorp.com> — 
❌ Mail error: Sargent & Lundy <careers@sargentlundy.com> — 
❌ Mail error: WSP USA <careers@wsp.com> — 
❌ Mail error: HDR <careers@hdrinc.com> — 
❌ Mail error: Jacobs <careers@jacobs.com> — 
❌ Mail error: Parsons <careers@parsons.com> — 
❌ Mail error: Burns & McDonnell <careers@burnsmcd.com> — 
❌ Mail error: Kiewit <careers@kiewit.com> — 
❌ Mail error: Skanska <careers@skanska.com> — 
❌ Mail error: Walsh Group <careers@walshgroup.com> — 
❌ Mail error: Aldridge Electric <careers@aldridgegroup.com> — 
❌ Mail error: M.J. Electric <careers@mjelectric.com> — 
❌ Mail error: F.H. Paschen <careers@fhpaschen.com> — 
❌ Mail error: Metra (Rail) <careers@metrarr.com> — 
❌ Mail error: CTA (Transit Chicago) <careers@transitchicago.com> — 
❌ Mail error: Pace Suburban Bus <careers@pacebus.com> — 
❌ Mail error: Motorola Solutions <careers@motorolasolutions.com> — 
❌ Mail error: UL Solutions <careers@ul.com> — 
❌ Mail error: Grainger <careers@grainger.com> — 
❌ Mail error: Panduit <careers@panduit.com> — 
❌ Mail error: Navistar <careers@navistar.com> — 
❌ Mail error: Caterpillar <careers@cat.com> — 
❌ Mail error: AbbVie <careers@abbvie.com> — 
❌ Mail error: Baxter <careers@baxter.com> — 
❌ Mail error: GE HealthCare <careers@gehealthcare.com> — 
❌ Mail error: Northwestern Medicine <careers@nm.org> — 
❌ Mail error: Advocate Health <careers@aah.org> — 
❌ Mail error: Transdev <careers@transdev.com> — 
❌ Mail error: Aon <careers@aon.com> — 
❌ Mail error: CDW <careers@cdw.com> — 
❌ Mail error: TTX Company <careers@ttx.com> — 
❌ Mail error: Sterling Solutions <careers@sterlingsolutions.com> — 
❌ Mail error: Primoris <careers@primoriscorp.com> — 
❌ Mail error: Michael Baker Intl <careers@mbakerintl.com> — 
❌ Mail error: STV <careers@stvinc.com> — 
❌ Mail error: TranSystems <careers@transystems.com> — 
❌ Mail error: HNTB <careers@hntb.com> — 
❌ Mail error: Arcadis <careers@arcadis.com> — 
❌ Mail error: Gannett Fleming <careers@gfnet.com> — 
❌ Mail error: RS&H <careers@rsandh.com> — 
zsh:1: command not found: apall_quiet
303:311: execution error: Mail got an error: AppleEvent timed out. (-1712)
❌ Mail error: Acme Rail Systems <hr@acmerail.com> — ERROR
❌ Mail error: Acme Rail Systems <hr@acmerail.com> — 
❌ Mail error: South Shore Electric <hr@sselectric.com> — 
❌ Mail error: PowerGrid Corp <hr@powergrid.com> — 
❌ Mail error: Lombard Tech <apply@lombardtech.com> — 
❌ Mail error: Metro Power <hr@metropower.com> — 
❌ Mail error: Great Lakes Projects <talent@glprojects.com> — 
❌ Mail error: ABC Utilities <hr@abcutilities.com> — 
❌ Mail error: Midwest Controls <hr@midwestcontrols.com> — 
❌ Mail error: ComEd (Exelon) <careers@exeloncorp.com> — 
❌ Mail error: Sargent & Lundy <careers@sargentlundy.com> — 
❌ Mail error: WSP USA <careers@wsp.com> — 
❌ Mail error: HDR <careers@hdrinc.com> — 
❌ Mail error: Jacobs <careers@jacobs.com> — 
❌ Mail error: Parsons <careers@parsons.com> — 
❌ Mail error: Burns & McDonnell <careers@burnsmcd.com> — 
❌ Mail error: Kiewit <careers@kiewit.com> — 
❌ Mail error: Skanska <careers@skanska.com> — 
❌ Mail error: Walsh Group <careers@walshgroup.com> — 
❌ Mail error: Aldridge Electric <careers@aldridgegroup.com> — 
❌ Mail error: M.J. Electric <careers@mjelectric.com> — 
❌ Mail error: F.H. Paschen <careers@fhpaschen.com> — 
❌ Mail error: Metra (Rail) <careers@metrarr.com> — 
❌ Mail error: CTA (Transit Chicago) <careers@transitchicago.com> — 
❌ Mail error: Pace Suburban Bus <careers@pacebus.com> — 
❌ Mail error: Motorola Solutions <careers@motorolasolutions.com> — 
❌ Mail error: UL Solutions <careers@ul.com> — 
❌ Mail error: Grainger <careers@grainger.com> — 
❌ Mail error: Panduit <careers@panduit.com> — 
❌ Mail error: Navistar <careers@navistar.com> — 
❌ Mail error: Caterpillar <careers@cat.com> — 
❌ Mail error: AbbVie <careers@abbvie.com> — 
❌ Mail error: Baxter <careers@baxter.com> — 
❌ Mail error: GE HealthCare <careers@gehealthcare.com> — 
❌ Mail error: Northwestern Medicine <careers@nm.org> — 
❌ Mail error: Advocate Health <careers@aah.org> — 
❌ Mail error: Transdev <careers@transdev.com> — 
❌ Mail error: Aon <careers@aon.com> — 
❌ Mail error: CDW <careers@cdw.com> — 
❌ Mail error: TTX Company <careers@ttx.com> — 
❌ Mail error: Sterling Solutions <careers@sterlingsolutions.com> — 
❌ Mail error: Primoris <careers@primoriscorp.com> — 
❌ Mail error: Michael Baker Intl <careers@mbakerintl.com> — 
❌ Mail error: STV <careers@stvinc.com> — 
❌ Mail error: TranSystems <careers@transystems.com> — 
❌ Mail error: HNTB <careers@hntb.com> — 
❌ Mail error: Arcadis <careers@arcadis.com> — 
❌ Mail error: Gannett Fleming <careers@gfnet.com> — 
❌ Mail error: RS&H <careers@rsandh.com> — 
303:311: execution error: Mail got an error: AppleEvent timed out. (-1712)
❌ Mail error: South Shore Electric <hr@sselectric.com> — ERROR
❌ Mail error: Acme Rail Systems <hr@acmerail.com> — 
❌ Mail error: South Shore Electric <hr@sselectric.com> — 
❌ Mail error: PowerGrid Corp <hr@powergrid.com> — 
❌ Mail error: Lombard Tech <apply@lombardtech.com> — 
❌ Mail error: Metro Power <hr@metropower.com> — 
❌ Mail error: Great Lakes Projects <talent@glprojects.com> — 
❌ Mail error: ABC Utilities <hr@abcutilities.com> — 
❌ Mail error: Midwest Controls <hr@midwestcontrols.com> — 
❌ Mail error: ComEd (Exelon) <careers@exeloncorp.com> — 
❌ Mail error: Sargent & Lundy <careers@sargentlundy.com> — 
❌ Mail error: WSP USA <careers@wsp.com> — 
❌ Mail error: HDR <careers@hdrinc.com> — 
❌ Mail error: Jacobs <careers@jacobs.com> — 
❌ Mail error: Parsons <careers@parsons.com> — 
❌ Mail error: Burns & McDonnell <careers@burnsmcd.com> — 
❌ Mail error: Kiewit <careers@kiewit.com> — 
❌ Mail error: Skanska <careers@skanska.com> — 
❌ Mail error: Walsh Group <careers@walshgroup.com> — 
❌ Mail error: Aldridge Electric <careers@aldridgegroup.com> — 
❌ Mail error: M.J. Electric <careers@mjelectric.com> — 
❌ Mail error: F.H. Paschen <careers@fhpaschen.com> — 
❌ Mail error: Metra (Rail) <careers@metrarr.com> — 
❌ Mail error: CTA (Transit Chicago) <careers@transitchicago.com> — 
❌ Mail error: Pace Suburban Bus <careers@pacebus.com> — 
❌ Mail error: Motorola Solutions <careers@motorolasolutions.com> — 
❌ Mail error: UL Solutions <careers@ul.com> — 
❌ Mail error: Grainger <careers@grainger.com> — 
❌ Mail error: Panduit <careers@panduit.com> — 
❌ Mail error: Navistar <careers@navistar.com> — 
❌ Mail error: Caterpillar <careers@cat.com> — 
❌ Mail error: AbbVie <careers@abbvie.com> — 
❌ Mail error: Baxter <careers@baxter.com> — 
❌ Mail error: GE HealthCare <careers@gehealthcare.com> — 
❌ Mail error: Northwestern Medicine <careers@nm.org> — 
❌ Mail error: Advocate Health <careers@aah.org> — 
❌ Mail error: Transdev <careers@transdev.com> — 
❌ Mail error: Aon <careers@aon.com> — 
❌ Mail error: CDW <careers@cdw.com> — 
❌ Mail error: TTX Company <careers@ttx.com> — 
❌ Mail error: Sterling Solutions <careers@sterlingsolutions.com> — 
❌ Mail error: Primoris <careers@primoriscorp.com> — 
❌ Mail error: Michael Baker Intl <careers@mbakerintl.com> — 
❌ Mail error: STV <careers@stvinc.com> — 
❌ Mail error: TranSystems <careers@transystems.com> — 
❌ Mail error: HNTB <careers@hntb.com> — 
❌ Mail error: Arcadis <careers@arcadis.com> — 
❌ Mail error: Gannett Fleming <careers@gfnet.com> — 
❌ Mail error: RS&H <careers@rsandh.com> — 
❌ Mail error: Acme Rail Systems <hr@acmerail.com> — 
❌ Mail error: South Shore Electric <hr@sselectric.com> — 
❌ Mail error: PowerGrid Corp <hr@powergrid.com> — 
❌ Mail error: Lombard Tech <apply@lombardtech.com> — 
❌ Mail error: Metro Power <hr@metropower.com> — 
❌ Mail error: Great Lakes Projects <talent@glprojects.com> — 
❌ Mail error: ABC Utilities <hr@abcutilities.com> — 
❌ Mail error: Midwest Controls <hr@midwestcontrols.com> — 
❌ Mail error: ComEd (Exelon) <careers@exeloncorp.com> — 
❌ Mail error: Sargent & Lundy <careers@sargentlundy.com> — 
❌ Mail error: WSP USA <careers@wsp.com> — 
❌ Mail error: HDR <careers@hdrinc.com> — 
❌ Mail error: Jacobs <careers@jacobs.com> — 
❌ Mail error: Parsons <careers@parsons.com> — 
❌ Mail error: Burns & McDonnell <careers@burnsmcd.com> — 
❌ Mail error: Kiewit <careers@kiewit.com> — 
❌ Mail error: Skanska <careers@skanska.com> — 
❌ Mail error: Walsh Group <careers@walshgroup.com> — 
❌ Mail error: Aldridge Electric <careers@aldridgegroup.com> — 
❌ Mail error: M.J. Electric <careers@mjelectric.com> — 
❌ Mail error: F.H. Paschen <careers@fhpaschen.com> — 
❌ Mail error: Metra (Rail) <careers@metrarr.com> — 
❌ Mail error: CTA (Transit Chicago) <careers@transitchicago.com> — 
❌ Mail error: Pace Suburban Bus <careers@pacebus.com> — 
❌ Mail error: Motorola Solutions <careers@motorolasolutions.com> — 
❌ Mail error: UL Solutions <careers@ul.com> — 
❌ Mail error: Grainger <careers@grainger.com> — 
❌ Mail error: Panduit <careers@panduit.com> — 
❌ Mail error: Navistar <careers@navistar.com> — 
❌ Mail error: Caterpillar <careers@cat.com> — 
❌ Mail error: AbbVie <careers@abbvie.com> — 
❌ Mail error: Baxter <careers@baxter.com> — 
❌ Mail error: GE HealthCare <careers@gehealthcare.com> — 
❌ Mail error: Northwestern Medicine <careers@nm.org> — 
❌ Mail error: Advocate Health <careers@aah.org> — 
❌ Mail error: Transdev <careers@transdev.com> — 
❌ Mail error: Aon <careers@aon.com> — 
❌ Mail error: CDW <careers@cdw.com> — 
❌ Mail error: TTX Company <careers@ttx.com> — 
❌ Mail error: Sterling Solutions <careers@sterlingsolutions.com> — 
❌ Mail error: Primoris <careers@primoriscorp.com> — 
❌ Mail error: Michael Baker Intl <careers@mbakerintl.com> — 
❌ Mail error: STV <careers@stvinc.com> — 
❌ Mail error: TranSystems <careers@transystems.com> — 
❌ Mail error: HNTB <careers@hntb.com> — 
❌ Mail error: Arcadis <careers@arcadis.com> — 
❌ Mail error: Gannett Fleming <careers@gfnet.com> — 
❌ Mail error: RS&H <careers@rsandh.com> — 
303:311: execution error: Mail got an error: AppleEvent timed out. (-1712)
❌ Mail error: PowerGrid Corp <hr@powergrid.com> — ERROR
303:311: execution error: Mail got an error: AppleEvent timed out. (-1712)
❌ Mail error: Lombard Tech <apply@lombardtech.com> — ERROR
❌ Mail error: Acme Rail Systems <hr@acmerail.com> — 
❌ Mail error: South Shore Electric <hr@sselectric.com> — 
❌ Mail error: PowerGrid Corp <hr@powergrid.com> — 
❌ Mail error: Lombard Tech <apply@lombardtech.com> — 
❌ Mail error: Metro Power <hr@metropower.com> — 
❌ Mail error: Great Lakes Projects <talent@glprojects.com> — 
❌ Mail error: ABC Utilities <hr@abcutilities.com> — 
❌ Mail error: Midwest Controls <hr@midwestcontrols.com> — 
❌ Mail error: ComEd (Exelon) <careers@exeloncorp.com> — 
❌ Mail error: Sargent & Lundy <careers@sargentlundy.com> — 
❌ Mail error: WSP USA <careers@wsp.com> — 
❌ Mail error: HDR <careers@hdrinc.com> — 
❌ Mail error: Jacobs <careers@jacobs.com> — 
❌ Mail error: Parsons <careers@parsons.com> — 
❌ Mail error: Burns & McDonnell <careers@burnsmcd.com> — 
❌ Mail error: Kiewit <careers@kiewit.com> — 
❌ Mail error: Skanska <careers@skanska.com> — 
❌ Mail error: Walsh Group <careers@walshgroup.com> — 
❌ Mail error: Aldridge Electric <careers@aldridgegroup.com> — 
❌ Mail error: M.J. Electric <careers@mjelectric.com> — 
❌ Mail error: F.H. Paschen <careers@fhpaschen.com> — 
❌ Mail error: Metra (Rail) <careers@metrarr.com> — 
❌ Mail error: CTA (Transit Chicago) <careers@transitchicago.com> — 
❌ Mail error: Pace Suburban Bus <careers@pacebus.com> — 
❌ Mail error: Motorola Solutions <careers@motorolasolutions.com> — 
❌ Mail error: UL Solutions <careers@ul.com> — 
❌ Mail error: Grainger <careers@grainger.com> — 
❌ Mail error: Panduit <careers@panduit.com> — 
❌ Mail error: Navistar <careers@navistar.com> — 
❌ Mail error: Caterpillar <careers@cat.com> — 
❌ Mail error: AbbVie <careers@abbvie.com> — 
❌ Mail error: Baxter <careers@baxter.com> — 
❌ Mail error: GE HealthCare <careers@gehealthcare.com> — 
❌ Mail error: Northwestern Medicine <careers@nm.org> — 
❌ Mail error: Advocate Health <careers@aah.org> — 
❌ Mail error: Transdev <careers@transdev.com> — 
❌ Mail error: Aon <careers@aon.com> — 
❌ Mail error: CDW <careers@cdw.com> — 
❌ Mail error: TTX Company <careers@ttx.com> — 
❌ Mail error: Sterling Solutions <careers@sterlingsolutions.com> — 
❌ Mail error: Primoris <careers@primoriscorp.com> — 
❌ Mail error: Michael Baker Intl <careers@mbakerintl.com> — 
❌ Mail error: STV <careers@stvinc.com> — 
❌ Mail error: TranSystems <careers@transystems.com> — 
❌ Mail error: HNTB <careers@hntb.com> — 
❌ Mail error: Arcadis <careers@arcadis.com> — 
❌ Mail error: Gannett Fleming <careers@gfnet.com> — 
❌ Mail error: RS&H <careers@rsandh.com> — 
❌ Mail error: Acme Rail Systems <hr@acmerail.com> — 
❌ Mail error: South Shore Electric <hr@sselectric.com> — 
❌ Mail error: PowerGrid Corp <hr@powergrid.com> — 
❌ Mail error: Lombard Tech <apply@lombardtech.com> — 
❌ Mail error: Metro Power <hr@metropower.com> — 
❌ Mail error: Great Lakes Projects <talent@glprojects.com> — 
❌ Mail error: ABC Utilities <hr@abcutilities.com> — 
❌ Mail error: Midwest Controls <hr@midwestcontrols.com> — 
❌ Mail error: ComEd (Exelon) <careers@exeloncorp.com> — 
❌ Mail error: Sargent & Lundy <careers@sargentlundy.com> — 
❌ Mail error: WSP USA <careers@wsp.com> — 
❌ Mail error: HDR <careers@hdrinc.com> — 
❌ Mail error: Jacobs <careers@jacobs.com> — 
❌ Mail error: Parsons <careers@parsons.com> — 
❌ Mail error: Burns & McDonnell <careers@burnsmcd.com> — 
❌ Mail error: Kiewit <careers@kiewit.com> — 
❌ Mail error: Skanska <careers@skanska.com> — 
❌ Mail error: Walsh Group <careers@walshgroup.com> — 
❌ Mail error: Aldridge Electric <careers@aldridgegroup.com> — 
❌ Mail error: M.J. Electric <careers@mjelectric.com> — 
❌ Mail error: F.H. Paschen <careers@fhpaschen.com> — 
❌ Mail error: Metra (Rail) <careers@metrarr.com> — 
❌ Mail error: CTA (Transit Chicago) <careers@transitchicago.com> — 
❌ Mail error: Pace Suburban Bus <careers@pacebus.com> — 
❌ Mail error: Motorola Solutions <careers@motorolasolutions.com> — 
❌ Mail error: UL Solutions <careers@ul.com> — 
❌ Mail error: Grainger <careers@grainger.com> — 
❌ Mail error: Panduit <careers@panduit.com> — 
❌ Mail error: Navistar <careers@navistar.com> — 
❌ Mail error: Caterpillar <careers@cat.com> — 
❌ Mail error: AbbVie <careers@abbvie.com> — 
❌ Mail error: Baxter <careers@baxter.com> — 
❌ Mail error: GE HealthCare <careers@gehealthcare.com> — 
❌ Mail error: Northwestern Medicine <careers@nm.org> — 
❌ Mail error: Advocate Health <careers@aah.org> — 
❌ Mail error: Transdev <careers@transdev.com> — 
❌ Mail error: Aon <careers@aon.com> — 
❌ Mail error: CDW <careers@cdw.com> — 
❌ Mail error: TTX Company <careers@ttx.com> — 
❌ Mail error: Sterling Solutions <careers@sterlingsolutions.com> — 
❌ Mail error: Primoris <careers@primoriscorp.com> — 
❌ Mail error: Michael Baker Intl <careers@mbakerintl.com> — 
❌ Mail error: STV <careers@stvinc.com> — 
❌ Mail error: TranSystems <careers@transystems.com> — 
❌ Mail error: HNTB <careers@hntb.com> — 
❌ Mail error: Arcadis <careers@arcadis.com> — 
❌ Mail error: Gannett Fleming <careers@gfnet.com> — 
❌ Mail error: RS&H <careers@rsandh.com> — 
/Users/irfan/.irfan_jobs.zsh:18: parse error near `}'
zsh:1: command not found: joblearn_bounces
zsh:1: command not found: jobvalidate
zsh:1: command not found: apblast
zsh:1: command not found: jobreport
/Users/irfan/.irfan_jobs.zsh:18: parse error near `}'
zsh:1: command not found: joblearn_bounces
zsh:1: command not found: jobvalidate
zsh:1: command not found: apblast
zsh:1: command not found: jobreport
❌ Mail error: Acme Rail Systems <hr@acmerail.com> — 
❌ Mail error: South Shore Electric <hr@sselectric.com> — 
❌ Mail error: PowerGrid Corp <hr@powergrid.com> — 
❌ Mail error: Lombard Tech <apply@lombardtech.com> — 
❌ Mail error: Metro Power <hr@metropower.com> — 
❌ Mail error: Great Lakes Projects <talent@glprojects.com> — 
❌ Mail error: ABC Utilities <hr@abcutilities.com> — 
❌ Mail error: Midwest Controls <hr@midwestcontrols.com> — 
❌ Mail error: ComEd (Exelon) <careers@exeloncorp.com> — 
❌ Mail error: Sargent & Lundy <careers@sargentlundy.com> — 
❌ Mail error: WSP USA <careers@wsp.com> — 
❌ Mail error: HDR <careers@hdrinc.com> — 
❌ Mail error: Jacobs <careers@jacobs.com> — 
❌ Mail error: Parsons <careers@parsons.com> — 
❌ Mail error: Burns & McDonnell <careers@burnsmcd.com> — 
❌ Mail error: Kiewit <careers@kiewit.com> — 
❌ Mail error: Skanska <careers@skanska.com> — 
❌ Mail error: Walsh Group <careers@walshgroup.com> — 
❌ Mail error: Aldridge Electric <careers@aldridgegroup.com> — 
❌ Mail error: M.J. Electric <careers@mjelectric.com> — 
❌ Mail error: F.H. Paschen <careers@fhpaschen.com> — 
❌ Mail error: Metra (Rail) <careers@metrarr.com> — 
❌ Mail error: CTA (Transit Chicago) <careers@transitchicago.com> — 
❌ Mail error: Pace Suburban Bus <careers@pacebus.com> — 
❌ Mail error: Motorola Solutions <careers@motorolasolutions.com> — 
❌ Mail error: UL Solutions <careers@ul.com> — 
❌ Mail error: Grainger <careers@grainger.com> — 
❌ Mail error: Panduit <careers@panduit.com> — 
❌ Mail error: Navistar <careers@navistar.com> — 
❌ Mail error: Caterpillar <careers@cat.com> — 
❌ Mail error: AbbVie <careers@abbvie.com> — 
❌ Mail error: Baxter <careers@baxter.com> — 
❌ Mail error: GE HealthCare <careers@gehealthcare.com> — 
❌ Mail error: Northwestern Medicine <careers@nm.org> — 
❌ Mail error: Advocate Health <careers@aah.org> — 
❌ Mail error: Transdev <careers@transdev.com> — 
❌ Mail error: Aon <careers@aon.com> — 
❌ Mail error: CDW <careers@cdw.com> — 
❌ Mail error: TTX Company <careers@ttx.com> — 
❌ Mail error: Sterling Solutions <careers@sterlingsolutions.com> — 
❌ Mail error: Primoris <careers@primoriscorp.com> — 
❌ Mail error: Michael Baker Intl <careers@mbakerintl.com> — 
❌ Mail error: STV <careers@stvinc.com> — 
❌ Mail error: TranSystems <careers@transystems.com> — 
❌ Mail error: HNTB <careers@hntb.com> — 
❌ Mail error: Arcadis <careers@arcadis.com> — 
❌ Mail error: Gannett Fleming <careers@gfnet.com> — 
❌ Mail error: RS&H <careers@rsandh.com> — 
❌ Mail error: Acme Rail Systems <hr@acmerail.com> — 
❌ Mail error: South Shore Electric <hr@sselectric.com> — 
❌ Mail error: PowerGrid Corp <hr@powergrid.com> — 
❌ Mail error: Lombard Tech <apply@lombardtech.com> — 
❌ Mail error: Metro Power <hr@metropower.com> — 
❌ Mail error: Great Lakes Projects <talent@glprojects.com> — 
❌ Mail error: ABC Utilities <hr@abcutilities.com> — 
❌ Mail error: Midwest Controls <hr@midwestcontrols.com> — 
❌ Mail error: ComEd (Exelon) <careers@exeloncorp.com> — 
❌ Mail error: Sargent & Lundy <careers@sargentlundy.com> — 
❌ Mail error: WSP USA <careers@wsp.com> — 
❌ Mail error: HDR <careers@hdrinc.com> — 
❌ Mail error: Jacobs <careers@jacobs.com> — 
❌ Mail error: Parsons <careers@parsons.com> — 
❌ Mail error: Burns & McDonnell <careers@burnsmcd.com> — 
❌ Mail error: Kiewit <careers@kiewit.com> — 
❌ Mail error: Skanska <careers@skanska.com> — 
❌ Mail error: Walsh Group <careers@walshgroup.com> — 
❌ Mail error: Aldridge Electric <careers@aldridgegroup.com> — 
❌ Mail error: M.J. Electric <careers@mjelectric.com> — 
❌ Mail error: F.H. Paschen <careers@fhpaschen.com> — 
❌ Mail error: Metra (Rail) <careers@metrarr.com> — 
❌ Mail error: CTA (Transit Chicago) <careers@transitchicago.com> — 
❌ Mail error: Pace Suburban Bus <careers@pacebus.com> — 
❌ Mail error: Motorola Solutions <careers@motorolasolutions.com> — 
❌ Mail error: UL Solutions <careers@ul.com> — 
❌ Mail error: Grainger <careers@grainger.com> — 
❌ Mail error: Panduit <careers@panduit.com> — 
❌ Mail error: Navistar <careers@navistar.com> — 
❌ Mail error: Caterpillar <careers@cat.com> — 
❌ Mail error: AbbVie <careers@abbvie.com> — 
❌ Mail error: Baxter <careers@baxter.com> — 
❌ Mail error: GE HealthCare <careers@gehealthcare.com> — 
❌ Mail error: Northwestern Medicine <careers@nm.org> — 
❌ Mail error: Advocate Health <careers@aah.org> — 
❌ Mail error: Transdev <careers@transdev.com> — 
❌ Mail error: Aon <careers@aon.com> — 
❌ Mail error: CDW <careers@cdw.com> — 
❌ Mail error: TTX Company <careers@ttx.com> — 
❌ Mail error: Sterling Solutions <careers@sterlingsolutions.com> — 
❌ Mail error: Primoris <careers@primoriscorp.com> — 
❌ Mail error: Michael Baker Intl <careers@mbakerintl.com> — 
❌ Mail error: STV <careers@stvinc.com> — 
❌ Mail error: TranSystems <careers@transystems.com> — 
❌ Mail error: HNTB <careers@hntb.com> — 
❌ Mail error: Arcadis <careers@arcadis.com> — 
❌ Mail error: Gannett Fleming <careers@gfnet.com> — 
❌ Mail error: RS&H <careers@rsandh.com> — 
❌ Mail error: Acme Rail Systems <hr@acmerail.com> — 
❌ Mail error: South Shore Electric <hr@sselectric.com> — 
❌ Mail error: PowerGrid Corp <hr@powergrid.com> — 
❌ Mail error: Lombard Tech <apply@lombardtech.com> — 
❌ Mail error: Metro Power <hr@metropower.com> — 
❌ Mail error: Great Lakes Projects <talent@glprojects.com> — 
❌ Mail error: ABC Utilities <hr@abcutilities.com> — 
❌ Mail error: Midwest Controls <hr@midwestcontrols.com> — 
❌ Mail error: ComEd (Exelon) <careers@exeloncorp.com> — 
❌ Mail error: Sargent & Lundy <careers@sargentlundy.com> — 
❌ Mail error: WSP USA <careers@wsp.com> — 
❌ Mail error: HDR <careers@hdrinc.com> — 
❌ Mail error: Jacobs <careers@jacobs.com> — 
❌ Mail error: Parsons <careers@parsons.com> — 
❌ Mail error: Burns & McDonnell <careers@burnsmcd.com> — 
❌ Mail error: Kiewit <careers@kiewit.com> — 
❌ Mail error: Skanska <careers@skanska.com> — 
❌ Mail error: Walsh Group <careers@walshgroup.com> — 
❌ Mail error: Aldridge Electric <careers@aldridgegroup.com> — 
❌ Mail error: M.J. Electric <careers@mjelectric.com> — 
❌ Mail error: F.H. Paschen <careers@fhpaschen.com> — 
❌ Mail error: Metra (Rail) <careers@metrarr.com> — 
❌ Mail error: CTA (Transit Chicago) <careers@transitchicago.com> — 
❌ Mail error: Pace Suburban Bus <careers@pacebus.com> — 
❌ Mail error: Motorola Solutions <careers@motorolasolutions.com> — 
❌ Mail error: UL Solutions <careers@ul.com> — 
❌ Mail error: Grainger <careers@grainger.com> — 
❌ Mail error: Panduit <careers@panduit.com> — 
❌ Mail error: Navistar <careers@navistar.com> — 
❌ Mail error: Caterpillar <careers@cat.com> — 
❌ Mail error: AbbVie <careers@abbvie.com> — 
❌ Mail error: Baxter <careers@baxter.com> — 
❌ Mail error: GE HealthCare <careers@gehealthcare.com> — 
❌ Mail error: Northwestern Medicine <careers@nm.org> — 
❌ Mail error: Advocate Health <careers@aah.org> — 
❌ Mail error: Transdev <careers@transdev.com> — 
❌ Mail error: Aon <careers@aon.com> — 
❌ Mail error: CDW <careers@cdw.com> — 
❌ Mail error: TTX Company <careers@ttx.com> — 
❌ Mail error: Sterling Solutions <careers@sterlingsolutions.com> — 
❌ Mail error: Primoris <careers@primoriscorp.com> — 
❌ Mail error: Michael Baker Intl <careers@mbakerintl.com> — 
❌ Mail error: STV <careers@stvinc.com> — 
❌ Mail error: TranSystems <careers@transystems.com> — 
❌ Mail error: HNTB <careers@hntb.com> — 
❌ Mail error: Arcadis <careers@arcadis.com> — 
❌ Mail error: Gannett Fleming <careers@gfnet.com> — 
❌ Mail error: RS&H <careers@rsandh.com> — 
❌ Mail error: Acme Rail Systems <hr@acmerail.com> — 
❌ Mail error: South Shore Electric <hr@sselectric.com> — 
❌ Mail error: PowerGrid Corp <hr@powergrid.com> — 
❌ Mail error: Lombard Tech <apply@lombardtech.com> — 
❌ Mail error: Metro Power <hr@metropower.com> — 
❌ Mail error: Great Lakes Projects <talent@glprojects.com> — 
❌ Mail error: ABC Utilities <hr@abcutilities.com> — 
❌ Mail error: Midwest Controls <hr@midwestcontrols.com> — 
❌ Mail error: ComEd (Exelon) <careers@exeloncorp.com> — 
❌ Mail error: Sargent & Lundy <careers@sargentlundy.com> — 
❌ Mail error: WSP USA <careers@wsp.com> — 
❌ Mail error: HDR <careers@hdrinc.com> — 
❌ Mail error: Jacobs <careers@jacobs.com> — 
❌ Mail error: Parsons <careers@parsons.com> — 
❌ Mail error: Burns & McDonnell <careers@burnsmcd.com> — 
❌ Mail error: Kiewit <careers@kiewit.com> — 
❌ Mail error: Skanska <careers@skanska.com> — 
❌ Mail error: Walsh Group <careers@walshgroup.com> — 
❌ Mail error: Aldridge Electric <careers@aldridgegroup.com> — 
❌ Mail error: M.J. Electric <careers@mjelectric.com> — 
❌ Mail error: F.H. Paschen <careers@fhpaschen.com> — 
❌ Mail error: Metra (Rail) <careers@metrarr.com> — 
❌ Mail error: CTA (Transit Chicago) <careers@transitchicago.com> — 
❌ Mail error: Pace Suburban Bus <careers@pacebus.com> — 
❌ Mail error: Motorola Solutions <careers@motorolasolutions.com> — 
❌ Mail error: UL Solutions <careers@ul.com> — 
❌ Mail error: Grainger <careers@grainger.com> — 
❌ Mail error: Panduit <careers@panduit.com> — 
❌ Mail error: Navistar <careers@navistar.com> — 
❌ Mail error: Caterpillar <careers@cat.com> — 
❌ Mail error: AbbVie <careers@abbvie.com> — 
❌ Mail error: Baxter <careers@baxter.com> — 
❌ Mail error: GE HealthCare <careers@gehealthcare.com> — 
❌ Mail error: Northwestern Medicine <careers@nm.org> — 
❌ Mail error: Advocate Health <careers@aah.org> — 
❌ Mail error: Transdev <careers@transdev.com> — 
❌ Mail error: Aon <careers@aon.com> — 
❌ Mail error: CDW <careers@cdw.com> — 
❌ Mail error: TTX Company <careers@ttx.com> — 
❌ Mail error: Sterling Solutions <careers@sterlingsolutions.com> — 
❌ Mail error: Primoris <careers@primoriscorp.com> — 
❌ Mail error: Michael Baker Intl <careers@mbakerintl.com> — 
❌ Mail error: STV <careers@stvinc.com> — 
❌ Mail error: TranSystems <careers@transystems.com> — 
❌ Mail error: HNTB <careers@hntb.com> — 
❌ Mail error: Arcadis <careers@arcadis.com> — 
❌ Mail error: Gannett Fleming <careers@gfnet.com> — 
❌ Mail error: RS&H <careers@rsandh.com> — 
/Users/irfan/.irfan_jobs.zsh:18: parse error near `}'
zsh:1: command not found: joblearn_bounces
zsh:1: command not found: jobvalidate
zsh:1: command not found: apblast
zsh:1: command not found: jobreport
