2026-02-20 12:01:31  TO=hr@acmerail.com  SUB=Application – Electrical Engineer – Irfan Ahmed  OUT=OK  ATT=/Users/irfan/irfan-portfolio/resume.pdf
2026-02-20 12:01:32  TO=hr@sselectric.com  SUB=Application – Electrical Engineer – Irfan Ahmed  OUT=OK  ATT=/Users/irfan/irfan-portfolio/resume.pdf
2026-02-20 12:01:33  TO=hr@powergrid.com  SUB=Application – Electrical Engineer – Irfan Ahmed  OUT=OK  ATT=/Users/irfan/irfan-portfolio/resume.pdf
2026-02-20 12:01:33  TO=hr@acmerail.com  SUB=Application – Electrical Engineer – Irfan Ahmed  OUT=OK  ATT=/Users/irfan/irfan-portfolio/resume.pdf
2026-02-20 12:01:34  TO=hr@sselectric.com  SUB=Application – Electrical Engineer – Irfan Ahmed  OUT=OK  ATT=/Users/irfan/irfan-portfolio/resume.pdf
2026-02-20 12:01:35  TO=hr@powergrid.com  SUB=Application – Electrical Engineer – Irfan Ahmed  OUT=OK  ATT=/Users/irfan/irfan-portfolio/resume.pdf
2026-02-20 12:01:36  TO=apply@lombardtech.com  SUB=Application – IT Engineer – Irfan Ahmed  OUT=OK  ATT=/Users/irfan/irfan-portfolio/resume.pdf
2026-02-20 12:01:36  TO=hr@metropower.com  SUB=Application – Electrical Engineer – Irfan Ahmed  OUT=OK  ATT=/Users/irfan/irfan-portfolio/resume.pdf
2026-02-20 12:01:37  TO=talent@glprojects.com  SUB=Application – Project Engineer – Irfan Ahmed  OUT=OK  ATT=/Users/irfan/irfan-portfolio/resume.pdf
2026-02-20 12:01:38  TO=hr@abcutilities.com  SUB=Application – Electrical Engineer – Irfan Ahmed  OUT=OK  ATT=/Users/irfan/irfan-portfolio/resume.pdf
2026-02-20 12:01:39  TO=hr@midwestcontrols.com  SUB=Application – Controls Engineer – Irfan Ahmed  OUT=OK  ATT=/Users/irfan/irfan-portfolio/resume.pdf
2026-02-20 12:01:39  TO=careers@exeloncorp.com  SUB=Application – Electrical Engineer – Irfan Ahmed  OUT=OK  ATT=/Users/irfan/irfan-portfolio/resume.pdf
2026-02-20 12:01:40  TO=careers@sargentlundy.com  SUB=Application – Electrical Engineer – Irfan Ahmed  OUT=OK  ATT=/Users/irfan/irfan-portfolio/resume.pdf
2026-02-20 12:01:41  TO=careers@wsp.com  SUB=Application – Project Engineer – Irfan Ahmed  OUT=OK  ATT=/Users/irfan/irfan-portfolio/resume.pdf
2026-02-20 12:01:42  TO=careers@hdrinc.com  SUB=Application – Project Engineer – Irfan Ahmed  OUT=OK  ATT=/Users/irfan/irfan-portfolio/resume.pdf
2026-02-20 12:01:43  TO=careers@jacobs.com  SUB=Application – Site Engineer – Irfan Ahmed  OUT=OK  ATT=/Users/irfan/irfan-portfolio/resume.pdf
2026-02-20 12:01:44  TO=careers@parsons.com  SUB=Application – Engineer – Irfan Ahmed  OUT=OK  ATT=/Users/irfan/irfan-portfolio/resume.pdf
2026-02-20 12:01:45  TO=careers@burnsmcd.com  SUB=Application – Electrical Engineer – Irfan Ahmed  OUT=OK  ATT=/Users/irfan/irfan-portfolio/resume.pdf
2026-02-20 12:01:46  TO=careers@kiewit.com  SUB=Application – Supervisor Engineer – Irfan Ahmed  OUT=OK  ATT=/Users/irfan/irfan-portfolio/resume.pdf
2026-02-20 12:01:47  TO=careers@skanska.com  SUB=Application – Engineer – Irfan Ahmed  OUT=OK  ATT=/Users/irfan/irfan-portfolio/resume.pdf
2026-02-20 12:01:48  TO=careers@walshgroup.com  SUB=Application – Project Engineer – Irfan Ahmed  OUT=OK  ATT=/Users/irfan/irfan-portfolio/resume.pdf
2026-02-20 12:01:49  TO=careers@aldridgegroup.com  SUB=Application – Electrical Engineer – Irfan Ahmed  OUT=OK  ATT=/Users/irfan/irfan-portfolio/resume.pdf
2026-02-20 12:01:50  TO=careers@mjelectric.com  SUB=Application – Maintenance Engineer – Irfan Ahmed  OUT=OK  ATT=/Users/irfan/irfan-portfolio/resume.pdf
2026-02-20 12:02:53  TO=hr@acmerail.com  SUB=Application – Electrical Engineer – Irfan Ahmed  OUT=OK  ATT=/Users/irfan/irfan-portfolio/resume.pdf
2026-02-20 12:02:54  TO=hr@sselectric.com  SUB=Application – Electrical Engineer – Irfan Ahmed  OUT=OK  ATT=/Users/irfan/irfan-portfolio/resume.pdf
2026-02-20 12:02:56  TO=hr@powergrid.com  SUB=Application – Electrical Engineer – Irfan Ahmed  OUT=OK  ATT=/Users/irfan/irfan-portfolio/resume.pdf
2026-02-20 12:03:02  TO=hr@metropower.com  SUB=Application – Electrical Engineer – Irfan Ahmed  OUT=OK  ATT=/Users/irfan/irfan-portfolio/resume.pdf
2026-02-20 12:03:03  TO=talent@glprojects.com  SUB=Application – Project Engineer – Irfan Ahmed  OUT=OK  ATT=/Users/irfan/irfan-portfolio/resume.pdf
2026-02-20 12:03:05  TO=hr@abcutilities.com  SUB=Application – Electrical Engineer – Irfan Ahmed  OUT=OK  ATT=/Users/irfan/irfan-portfolio/resume.pdf
2026-02-20 12:03:05  TO=hr@midwestcontrols.com  SUB=Application – Controls Engineer – Irfan Ahmed  OUT=OK  ATT=/Users/irfan/irfan-portfolio/resume.pdf
2026-02-20 12:03:07  TO=careers@exeloncorp.com  SUB=Application – Electrical Engineer – Irfan Ahmed  OUT=OK  ATT=/Users/irfan/irfan-portfolio/resume.pdf
2026-02-20 12:03:08  TO=careers@sargentlundy.com  SUB=Application – Electrical Engineer – Irfan Ahmed  OUT=OK  ATT=/Users/irfan/irfan-portfolio/resume.pdf
2026-02-20 12:03:09  TO=careers@wsp.com  SUB=Application – Project Engineer – Irfan Ahmed  OUT=OK  ATT=/Users/irfan/irfan-portfolio/resume.pdf
2026-02-20 12:03:10  TO=careers@hdrinc.com  SUB=Application – Project Engineer – Irfan Ahmed  OUT=OK  ATT=/Users/irfan/irfan-portfolio/resume.pdf
2026-02-20 12:03:12  TO=careers@jacobs.com  SUB=Application – Site Engineer – Irfan Ahmed  OUT=OK  ATT=/Users/irfan/irfan-portfolio/resume.pdf
2026-02-20 12:03:14  TO=careers@parsons.com  SUB=Application – Engineer – Irfan Ahmed  OUT=OK  ATT=/Users/irfan/irfan-portfolio/resume.pdf
2026-02-20 12:03:15  TO=careers@burnsmcd.com  SUB=Application – Electrical Engineer – Irfan Ahmed  OUT=OK  ATT=/Users/irfan/irfan-portfolio/resume.pdf
2026-02-20 12:03:16  TO=careers@kiewit.com  SUB=Application – Supervisor Engineer – Irfan Ahmed  OUT=OK  ATT=/Users/irfan/irfan-portfolio/resume.pdf
2026-02-20 12:03:17  TO=careers@skanska.com  SUB=Application – Engineer – Irfan Ahmed  OUT=OK  ATT=/Users/irfan/irfan-portfolio/resume.pdf
2026-02-20 12:03:20  TO=careers@walshgroup.com  SUB=Application – Project Engineer – Irfan Ahmed  OUT=OK  ATT=/Users/irfan/irfan-portfolio/resume.pdf
2026-02-20 12:03:21  TO=careers@aldridgegroup.com  SUB=Application – Electrical Engineer – Irfan Ahmed  OUT=OK  ATT=/Users/irfan/irfan-portfolio/resume.pdf
2026-02-20 12:03:22  TO=careers@mjelectric.com  SUB=Application – Maintenance Engineer – Irfan Ahmed  OUT=OK  ATT=/Users/irfan/irfan-portfolio/resume.pdf
2026-02-20 12:03:24  TO=careers@fhpaschen.com  SUB=Application – Project Engineer – Irfan Ahmed  OUT=OK  ATT=/Users/irfan/irfan-portfolio/resume.pdf
2026-02-20 12:03:55  TO=hr@acmerail.com  SUB=Application – Electrical Engineer – Irfan Ahmed  OUT=OK  ATT=/Users/irfan/irfan-portfolio/resume.pdf
2026-02-20 12:03:57  TO=hr@sselectric.com  SUB=Application – Electrical Engineer – Irfan Ahmed  OUT=OK  ATT=/Users/irfan/irfan-portfolio/resume.pdf
2026-02-20 12:03:59  TO=hr@powergrid.com  SUB=Application – Electrical Engineer – Irfan Ahmed  OUT=OK  ATT=/Users/irfan/irfan-portfolio/resume.pdf
2026-02-20 12:11:11  TO=careers@metrarr.com  SUB=Application – Site Engineer – Irfan Ahmed  OUT=OK  ATT=/Users/irfan/irfan-portfolio/resume.pdf
2026-02-20 12:11:13  TO=careers@transitchicago.com  SUB=Application – Engineer – Irfan Ahmed  OUT=OK  ATT=/Users/irfan/irfan-portfolio/resume.pdf
2026-02-20 12:11:14  TO=careers@pacebus.com  SUB=Application – Maintenance Engineer – Irfan Ahmed  OUT=OK  ATT=/Users/irfan/irfan-portfolio/resume.pdf
2026-02-20 12:11:16  TO=careers@motorolasolutions.com  SUB=Application – IT Engineer – Irfan Ahmed  OUT=OK  ATT=/Users/irfan/irfan-portfolio/resume.pdf
2026-02-20 12:11:18  TO=careers@ul.com  SUB=Application – Engineer – Irfan Ahmed  OUT=OK  ATT=/Users/irfan/irfan-portfolio/resume.pdf
2026-02-20 12:11:19  TO=careers@grainger.com  SUB=Application – IT Engineer – Irfan Ahmed  OUT=OK  ATT=/Users/irfan/irfan-portfolio/resume.pdf
2026-02-20 12:11:21  TO=careers@panduit.com  SUB=Application – Electrical Engineer – Irfan Ahmed  OUT=OK  ATT=/Users/irfan/irfan-portfolio/resume.pdf
2026-02-20 12:11:23  TO=careers@navistar.com  SUB=Application – Software Engineer – Irfan Ahmed  OUT=OK  ATT=/Users/irfan/irfan-portfolio/resume.pdf
2026-02-20 12:11:25  TO=careers@cat.com  SUB=Application – Software Engineer – Irfan Ahmed  OUT=OK  ATT=/Users/irfan/irfan-portfolio/resume.pdf
2026-02-20 12:11:27  TO=careers@abbvie.com  SUB=Application – IT Engineer – Irfan Ahmed  OUT=OK  ATT=/Users/irfan/irfan-portfolio/resume.pdf
2026-02-20 12:11:29  TO=careers@baxter.com  SUB=Application – Engineer – Irfan Ahmed  OUT=OK  ATT=/Users/irfan/irfan-portfolio/resume.pdf
2026-02-20 12:11:31  TO=careers@gehealthcare.com  SUB=Application – Software Engineer – Irfan Ahmed  OUT=OK  ATT=/Users/irfan/irfan-portfolio/resume.pdf
2026-02-20 12:11:33  TO=careers@nm.org  SUB=Application – IT Engineer – Irfan Ahmed  OUT=OK  ATT=/Users/irfan/irfan-portfolio/resume.pdf
2026-02-20 12:11:35  TO=careers@aah.org  SUB=Application – IT Engineer – Irfan Ahmed  OUT=OK  ATT=/Users/irfan/irfan-portfolio/resume.pdf
2026-02-20 12:11:37  TO=careers@transdev.com  SUB=Application – Maintenance Engineer – Irfan Ahmed  OUT=OK  ATT=/Users/irfan/irfan-portfolio/resume.pdf
2026-02-20 12:11:40  TO=careers@aon.com  SUB=Application – IT Engineer – Irfan Ahmed  OUT=OK  ATT=/Users/irfan/irfan-portfolio/resume.pdf
2026-02-20 12:11:41  TO=careers@cdw.com  SUB=Application – IT Engineer – Irfan Ahmed  OUT=OK  ATT=/Users/irfan/irfan-portfolio/resume.pdf
2026-02-20 12:11:44  TO=careers@ttx.com  SUB=Application – Engineer – Irfan Ahmed  OUT=OK  ATT=/Users/irfan/irfan-portfolio/resume.pdf
2026-02-20 12:11:46  TO=careers@sterlingsolutions.com  SUB=Application – Site Engineer – Irfan Ahmed  OUT=OK  ATT=/Users/irfan/irfan-portfolio/resume.pdf
2026-02-20 12:11:49  TO=careers@primoriscorp.com  SUB=Application – Electrical Engineer – Irfan Ahmed  OUT=OK  ATT=/Users/irfan/irfan-portfolio/resume.pdf
2026-02-20 12:11:51  TO=careers@mbakerintl.com  SUB=Application – Project Engineer – Irfan Ahmed  OUT=OK  ATT=/Users/irfan/irfan-portfolio/resume.pdf
2026-02-20 12:11:54  TO=careers@stvinc.com  SUB=Application – Project Engineer – Irfan Ahmed  OUT=OK  ATT=/Users/irfan/irfan-portfolio/resume.pdf
2026-02-20 12:11:56  TO=careers@transystems.com  SUB=Application – Engineer – Irfan Ahmed  OUT=OK  ATT=/Users/irfan/irfan-portfolio/resume.pdf
2026-02-20 12:11:59  TO=careers@hntb.com  SUB=Application – Project Engineer – Irfan Ahmed  OUT=OK  ATT=/Users/irfan/irfan-portfolio/resume.pdf
2026-02-20 12:12:02  TO=careers@arcadis.com  SUB=Application – Engineer – Irfan Ahmed  OUT=OK  ATT=/Users/irfan/irfan-portfolio/resume.pdf
2026-02-20 12:12:04  TO=careers@gfnet.com  SUB=Application – Project Engineer – Irfan Ahmed  OUT=OK  ATT=/Users/irfan/irfan-portfolio/resume.pdf
2026-02-20 12:12:07  TO=careers@rsandh.com  SUB=Application – Engineer – Irfan Ahmed  OUT=OK  ATT=/Users/irfan/irfan-portfolio/resume.pdf
2026-02-20 12:44:16  TO=careers@example.com  SUB=Application – Software Engineer – Irfan Ahmed  OUT=OK  ATT=/Users/irfan/irfan-portfolio/resume.pdf
2026-02-20 15:21:59  TO=careers@remotetech.co.uk  SUB=Application – Software Engineer – Irfan Ahmed  OUT=OK  ATT=/Users/irfan/irfan-portfolio/resume.pdf
2026-02-20 15:22:01  TO=hr@maplesystems.ca  SUB=Application – IT Engineer – Irfan Ahmed  OUT=OK  ATT=/Users/irfan/irfan-portfolio/resume.pdf
2026-02-20 15:26:06  TO=hr@swisssystems.ch  SUB=Application – Systems Engineer – Irfan Ahmed  OUT=OK  ATT=/Users/irfan/irfan-portfolio/resume.pdf
2026-02-20 15:44:29  TO=hr@eurorail.de  SUB=Application – Project Engineer – Irfan Ahmed  OUT=OK  ATT=/Users/irfan/irfan-portfolio/resume.pdf
2026-02-20 15:44:31  TO=hr@bluemaple.ca  SUB=Application – IT Engineer – Irfan Ahmed  OUT=OK  ATT=/Users/irfan/irfan-portfolio/resume.pdf
2026-02-21 14:51:21  TO=careers@acelectric.com  SUB=Application – Electrical Engineer – Irfan Ahmed  OUT=OK  ATT=/Users/irfan/irfan-portfolio/resume.pdf
2026-02-21 17:03:47  TO=hr@examplecontrols.com  SUB=Application – Controls Engineer – Irfan Ahmed  OUT=OK  ATT=/Users/irfan/irfan-portfolio/resume.pdf
2026-02-21 17:05:43  TO=hr@examplecontrols.com  SUB=Application – Controls Engineer – Irfan Ahmed  OUT=ERROR: -1712 Mail got an error: AppleEvent timed out.  ATT=/Users/irfan/irfan-portfolio/resume.pdf
2026-02-22 11:42:23  TO=chicago@apex.com  SUB=Application – Project Engineer – Irfan Ahmed  OUT=OK  ATT=/Users/irfan/irfan-portfolio/resume.pdf
2026-02-22 12:55:22  TO=hr@brightworks.com  SUB=Application – Project Engineer – Irfan Ahmed  OUT=OK  ATT=/Users/irfan/irfan-portfolio/resume.pdf
2026-02-22 12:55:24  TO=hr@helix-ai.com  SUB=Application – Software Engineer – Irfan Ahmed  OUT=OK  ATT=/Users/irfan/irfan-portfolio/resume.pdf
2026-02-22 12:56:36  TO=careers@midwestpower.com  SUB=Application – Electrical Engineer – Irfan Ahmed  OUT=OK  ATT=/Users/irfan/irfan-portfolio/resume.pdf
2026-02-22 12:56:37  TO=careers@northstarsystems.ca  SUB=Application – Software Engineer – Irfan Ahmed  OUT=OK  ATT=/Users/irfan/irfan-portfolio/resume.pdf
2026-02-24 06:13:08  TO=hr@acmerail.com  SUB=Application – Electrical Engineer – Irfan Ahmed  OUT=OK  ATT=/Users/irfan/irfan-portfolio/resume.pdf
2026-02-24 06:13:09  TO=hr@sselectric.com  SUB=Application – Electrical Engineer – Irfan Ahmed  OUT=OK  ATT=/Users/irfan/irfan-portfolio/resume.pdf
2026-02-24 06:13:10  TO=hr@powergrid.com  SUB=Application – Electrical Engineer – Irfan Ahmed  OUT=OK  ATT=/Users/irfan/irfan-portfolio/resume.pdf
2026-02-24 06:13:11  TO=hr@metropower.com  SUB=Application – Electrical Engineer – Irfan Ahmed  OUT=OK  ATT=/Users/irfan/irfan-portfolio/resume.pdf
2026-02-24 06:13:12  TO=talent@glprojects.com  SUB=Application – Project Engineer – Irfan Ahmed  OUT=OK  ATT=/Users/irfan/irfan-portfolio/resume.pdf
2026-02-24 06:13:13  TO=hr@abcutilities.com  SUB=Application – Electrical Engineer – Irfan Ahmed  OUT=OK  ATT=/Users/irfan/irfan-portfolio/resume.pdf
2026-02-24 06:13:14  TO=careers@exeloncorp.com  SUB=Application – Electrical Engineer – Irfan Ahmed  OUT=OK  ATT=/Users/irfan/irfan-portfolio/resume.pdf
2026-02-24 06:13:15  TO=careers@sargentlundy.com  SUB=Application – Electrical Engineer – Irfan Ahmed  OUT=OK  ATT=/Users/irfan/irfan-portfolio/resume.pdf
2026-02-24 06:13:16  TO=careers@wsp.com  SUB=Application – Project Engineer – Irfan Ahmed  OUT=OK  ATT=/Users/irfan/irfan-portfolio/resume.pdf
2026-02-24 06:13:17  TO=careers@hdrinc.com  SUB=Application – Project Engineer – Irfan Ahmed  OUT=OK  ATT=/Users/irfan/irfan-portfolio/resume.pdf
2026-02-24 06:13:18  TO=careers@jacobs.com  SUB=Application – Site Engineer – Irfan Ahmed  OUT=OK  ATT=/Users/irfan/irfan-portfolio/resume.pdf
2026-02-24 06:13:19  TO=careers@burnsmcd.com  SUB=Application – Electrical Engineer – Irfan Ahmed  OUT=OK  ATT=/Users/irfan/irfan-portfolio/resume.pdf
2026-02-24 06:13:21  TO=careers@walshgroup.com  SUB=Application – Project Engineer – Irfan Ahmed  OUT=OK  ATT=/Users/irfan/irfan-portfolio/resume.pdf
2026-02-24 06:13:22  TO=careers@aldridgegroup.com  SUB=Application – Electrical Engineer – Irfan Ahmed  OUT=OK  ATT=/Users/irfan/irfan-portfolio/resume.pdf
2026-02-24 06:13:23  TO=careers@fhpaschen.com  SUB=Application – Project Engineer – Irfan Ahmed  OUT=OK  ATT=/Users/irfan/irfan-portfolio/resume.pdf
2026-02-24 06:13:24  TO=careers@metrarr.com  SUB=Application – Site Engineer – Irfan Ahmed  OUT=OK  ATT=/Users/irfan/irfan-portfolio/resume.pdf
2026-02-24 06:13:25  TO=careers@motorolasolutions.com  SUB=Application – IT Engineer – Irfan Ahmed  OUT=OK  ATT=/Users/irfan/irfan-portfolio/resume.pdf
2026-02-24 06:13:26  TO=careers@grainger.com  SUB=Application – IT Engineer – Irfan Ahmed  OUT=OK  ATT=/Users/irfan/irfan-portfolio/resume.pdf
2026-02-24 06:13:27  TO=careers@navistar.com  SUB=Application – Software Engineer – Irfan Ahmed  OUT=OK  ATT=/Users/irfan/irfan-portfolio/resume.pdf
2026-02-24 06:13:28  TO=careers@cat.com  SUB=Application – Software Engineer – Irfan Ahmed  OUT=OK  ATT=/Users/irfan/irfan-portfolio/resume.pdf
2026-02-24 06:13:29  TO=careers@abbvie.com  SUB=Application – IT Engineer – Irfan Ahmed  OUT=OK  ATT=/Users/irfan/irfan-portfolio/resume.pdf
2026-02-24 06:13:30  TO=careers@gehealthcare.com  SUB=Application – Software Engineer – Irfan Ahmed  OUT=OK  ATT=/Users/irfan/irfan-portfolio/resume.pdf
2026-02-24 06:13:32  TO=careers@nm.org  SUB=Application – IT Engineer – Irfan Ahmed  OUT=OK  ATT=/Users/irfan/irfan-portfolio/resume.pdf
2026-02-24 06:13:33  TO=careers@aah.org  SUB=Application – IT Engineer – Irfan Ahmed  OUT=OK  ATT=/Users/irfan/irfan-portfolio/resume.pdf
2026-02-24 06:13:34  TO=careers@aon.com  SUB=Application – IT Engineer – Irfan Ahmed  OUT=OK  ATT=/Users/irfan/irfan-portfolio/resume.pdf
2026-02-24 06:13:35  TO=careers@cdw.com  SUB=Application – IT Engineer – Irfan Ahmed  OUT=OK  ATT=/Users/irfan/irfan-portfolio/resume.pdf
2026-02-24 06:13:36  TO=careers@sterlingsolutions.com  SUB=Application – Site Engineer – Irfan Ahmed  OUT=OK  ATT=/Users/irfan/irfan-portfolio/resume.pdf
2026-02-24 06:13:37  TO=careers@primoriscorp.com  SUB=Application – Electrical Engineer – Irfan Ahmed  OUT=OK  ATT=/Users/irfan/irfan-portfolio/resume.pdf
2026-02-24 06:13:38  TO=careers@mbakerintl.com  SUB=Application – Project Engineer – Irfan Ahmed  OUT=OK  ATT=/Users/irfan/irfan-portfolio/resume.pdf
2026-02-24 06:13:39  TO=careers@stvinc.com  SUB=Application – Project Engineer – Irfan Ahmed  OUT=OK  ATT=/Users/irfan/irfan-portfolio/resume.pdf
2026-02-24 06:13:40  TO=careers@hntb.com  SUB=Application – Project Engineer – Irfan Ahmed  OUT=OK  ATT=/Users/irfan/irfan-portfolio/resume.pdf
2026-02-24 06:13:41  TO=careers@gfnet.com  SUB=Application – Project Engineer – Irfan Ahmed  OUT=OK  ATT=/Users/irfan/irfan-portfolio/resume.pdf
2026-02-24 06:13:42  TO=careers@example.com  SUB=Application – Software Engineer – Irfan Ahmed  OUT=OK  ATT=/Users/irfan/irfan-portfolio/resume.pdf
2026-02-24 06:13:44  TO=careers@remotetech.co.uk  SUB=Application – Software Engineer – Irfan Ahmed  OUT=OK  ATT=/Users/irfan/irfan-portfolio/resume.pdf
2026-02-24 06:13:45  TO=hr@maplesystems.ca  SUB=Application – IT Engineer – Irfan Ahmed  OUT=OK  ATT=/Users/irfan/irfan-portfolio/resume.pdf
2026-02-24 06:13:46  TO=hr@eurorail.de  SUB=Application – Project Engineer – Irfan Ahmed  OUT=OK  ATT=/Users/irfan/irfan-portfolio/resume.pdf
2026-02-24 06:13:49  TO=hr@bluemaple.ca  SUB=Application – IT Engineer – Irfan Ahmed  OUT=OK  ATT=/Users/irfan/irfan-portfolio/resume.pdf
2026-02-24 06:13:50  TO=careers@acelectric.com  SUB=Application – Electrical Engineer – Irfan Ahmed  OUT=OK  ATT=/Users/irfan/irfan-portfolio/resume.pdf
2026-02-24 06:13:53  TO=hr@testco.com  SUB=Application – Software Engineer – Irfan Ahmed  OUT=OK  ATT=/Users/irfan/irfan-portfolio/resume.pdf
2026-02-24 06:18:51  TO=careers@helix-ai.com  SUB=Application – Software Engineer – Irfan Ahmed  OUT=OK  ATT=/Users/irfan/irfan-portfolio/resume.pdf
